0 info it worked if it ends with ok
1 verbose cli [ '/usr/bin/node', '/usr/bin/npm', 'run', 'test' ]
2 info using npm@3.10.10
3 info using node@v6.13.0
4 verbose run-script [ 'pretest', 'test', 'posttest' ]
5 info lifecycle search-twitter-count@1.0.0~pretest: search-twitter-count@1.0.0
6 silly lifecycle search-twitter-count@1.0.0~pretest: no script for pretest, continuing
7 info lifecycle search-twitter-count@1.0.0~test: search-twitter-count@1.0.0
8 verbose lifecycle search-twitter-count@1.0.0~test: unsafe-perm in lifecycle true
9 verbose lifecycle search-twitter-count@1.0.0~test: PATH: /usr/lib/node_modules/npm/bin/node-gyp-bin:/home/rjunior/Documentos/Projetos/search-twitter-count/node_modules/.bin:/usr/local/bin:/usr/local/sbin:/usr/bin:/usr/sbin:/home/rjunior/.local/bin:/home/rjunior/bin
10 verbose lifecycle search-twitter-count@1.0.0~test: CWD: /home/rjunior/Documentos/Projetos/search-twitter-count
11 silly lifecycle search-twitter-count@1.0.0~test: Args: [ '-c', 'jest' ]
12 silly lifecycle search-twitter-count@1.0.0~test: Returned: code: 1  signal: null
13 info lifecycle search-twitter-count@1.0.0~test: Failed to exec test script
14 verbose stack Error: search-twitter-count@1.0.0 test: `jest`
14 verbose stack Exit status 1
14 verbose stack     at EventEmitter.<anonymous> (/usr/lib/node_modules/npm/lib/utils/lifecycle.js:255:16)
14 verbose stack     at emitTwo (events.js:106:13)
14 verbose stack     at EventEmitter.emit (events.js:191:7)
14 verbose stack     at ChildProcess.<anonymous> (/usr/lib/node_modules/npm/lib/utils/spawn.js:40:14)
14 verbose stack     at emitTwo (events.js:106:13)
14 verbose stack     at ChildProcess.emit (events.js:191:7)
14 verbose stack     at maybeClose (internal/child_process.js:920:16)
14 verbose stack     at Process.ChildProcess._handle.onexit (internal/child_process.js:230:5)
15 verbose pkgid search-twitter-count@1.0.0
16 verbose cwd /home/rjunior/Documentos/Projetos/search-twitter-count
17 error Linux 4.15.7-200.fc26.x86_64
18 error argv "/usr/bin/node" "/usr/bin/npm" "run" "test"
19 error node v6.13.0
20 error npm  v3.10.10
21 error code ELIFECYCLE
22 error search-twitter-count@1.0.0 test: `jest`
22 error Exit status 1
23 error Failed at the search-twitter-count@1.0.0 test script 'jest'.
23 error Make sure you have the latest version of node.js and npm installed.
23 error If you do, this is most likely a problem with the search-twitter-count package,
23 error not with npm itself.
23 error Tell the author that this fails on your system:
23 error     jest
23 error You can get information on how to open an issue for this project with:
23 error     npm bugs search-twitter-count
23 error Or if that isn't available, you can get their info via:
23 error     npm owner ls search-twitter-count
23 error There is likely additional logging output above.
24 verbose exit [ 1, true ]
